sie 30, 2016 4:23:20 PM com.platformer.game.main.MainClass logging
INFO: Uruchomienie gry w trybie DEBUG. Logger za³adowany.
sie 30, 2016 4:23:20 PM com.platformer.game.main.MainClass logging
INFO: Obraz /splashScreen.png za³adowany poprawnie.
sie 30, 2016 4:23:20 PM com.platformer.game.main.MainClass logging
INFO: Uruchomienie ekranu splashScreen.
sie 30, 2016 4:23:20 PM com.platformer.game.main.MainClass logging
INFO: Czcionka Textas Font za³adowana.
sie 30, 2016 4:23:20 PM com.platformer.game.main.MainClass logging
INFO: Czcionka Smokun Font Font za³adowana.
sie 30, 2016 4:23:20 PM com.platformer.game.main.MainClass logging
INFO: Dane Achievements z pliku achievements.dat poprawnie za³adowane
sie 30, 2016 4:23:20 PM com.platformer.game.main.MainClass logging
INFO: Dane HallOfFame z pliku halloffame.dat poprawnie za³adowane
sie 30, 2016 4:23:20 PM com.platformer.game.main.MainClass logging
INFO: Plik dŸwiêkowy (.wav) /jump.wav za³adowany poprawnie
sie 30, 2016 4:23:20 PM com.platformer.game.main.MainClass logging
INFO: Plik dŸwiêkowy (.wav) /powerup.wav za³adowany poprawnie
sie 30, 2016 4:23:20 PM com.platformer.game.main.MainClass logging
INFO: Plik dŸwiêkowy (.wav) /coin10.wav za³adowany poprawnie
sie 30, 2016 4:23:20 PM com.platformer.game.main.MainClass logging
INFO: Plik dŸwiêkowy (.wav) /hit.wav za³adowany poprawnie
sie 30, 2016 4:23:20 PM com.platformer.game.main.MainClass logging
INFO: Plik dŸwiêkowy (.wav) /cactusShot.wav za³adowany poprawnie
sie 30, 2016 4:23:20 PM com.platformer.game.main.MainClass logging
INFO: Plik dŸwiêkowy (.wav) /SpringJump.wav za³adowany poprawnie
sie 30, 2016 4:23:20 PM com.platformer.game.main.MainClass logging
INFO: Plik dŸwiêkowy (.wav) /crateHit.wav za³adowany poprawnie
sie 30, 2016 4:23:20 PM com.platformer.game.main.MainClass logging
INFO: Plik dŸwiêkowy (.wav) /screenShotSound.wav za³adowany poprawnie
sie 30, 2016 4:23:20 PM com.platformer.game.main.MainClass logging
INFO: Plik dŸwiêkowy (.wav) /menusound1.wav za³adowany poprawnie
sie 30, 2016 4:23:20 PM com.platformer.game.main.MainClass logging
INFO: Plik dŸwiêkowy (.wav) /menusound2.wav za³adowany poprawnie
sie 30, 2016 4:23:20 PM com.platformer.game.main.MainClass logging
INFO: Obraz /programIcon.png za³adowany poprawnie.
sie 30, 2016 4:23:20 PM com.platformer.game.main.MainClass logging
INFO: Pliku poziomu nr. 1 za³adowany poprawnie.
sie 30, 2016 4:23:20 PM com.platformer.game.main.MainClass logging
INFO: Obraz /Bush (1).png za³adowany poprawnie.
sie 30, 2016 4:23:20 PM com.platformer.game.main.MainClass logging
INFO: Obraz /Bush (2).png za³adowany poprawnie.
sie 30, 2016 4:23:20 PM com.platformer.game.main.MainClass logging
INFO: Obraz /Cactus (1).png za³adowany poprawnie.
sie 30, 2016 4:23:20 PM com.platformer.game.main.MainClass logging
INFO: Obraz /Cactus (2).png za³adowany poprawnie.
sie 30, 2016 4:23:20 PM com.platformer.game.main.MainClass logging
INFO: Obraz /Cactus (3).png za³adowany poprawnie.
sie 30, 2016 4:23:20 PM com.platformer.game.main.MainClass logging
INFO: Obraz /Grass (1).png za³adowany poprawnie.
sie 30, 2016 4:23:20 PM com.platformer.game.main.MainClass logging
INFO: Obraz /Grass (2).png za³adowany poprawnie.
sie 30, 2016 4:23:20 PM com.platformer.game.main.MainClass logging
INFO: Obraz /Sign.png za³adowany poprawnie.
sie 30, 2016 4:23:20 PM com.platformer.game.main.MainClass logging
INFO: Obraz /SignArrow.png za³adowany poprawnie.
sie 30, 2016 4:23:20 PM com.platformer.game.main.MainClass logging
INFO: Obraz /Skeleton.png za³adowany poprawnie.
sie 30, 2016 4:23:20 PM com.platformer.game.main.MainClass logging
INFO: Obraz /Stone.png za³adowany poprawnie.
sie 30, 2016 4:23:20 PM com.platformer.game.main.MainClass logging
INFO: Obraz /Tree.png za³adowany poprawnie.
sie 30, 2016 4:23:20 PM com.platformer.game.main.MainClass logging
INFO: Obraz /Run00R.png za³adowany poprawnie.
sie 30, 2016 4:23:20 PM com.platformer.game.main.MainClass logging
INFO: Obraz /Run01R.png za³adowany poprawnie.
sie 30, 2016 4:23:20 PM com.platformer.game.main.MainClass logging
INFO: Obraz /Run02R.png za³adowany poprawnie.
sie 30, 2016 4:23:20 PM com.platformer.game.main.MainClass logging
INFO: Obraz /Run03R.png za³adowany poprawnie.
sie 30, 2016 4:23:20 PM com.platformer.game.main.MainClass logging
INFO: Obraz /Run04R.png za³adowany poprawnie.
sie 30, 2016 4:23:20 PM com.platformer.game.main.MainClass logging
INFO: Obraz /Run05R.png za³adowany poprawnie.
sie 30, 2016 4:23:20 PM com.platformer.game.main.MainClass logging
INFO: Obraz /Run06R.png za³adowany poprawnie.
sie 30, 2016 4:23:20 PM com.platformer.game.main.MainClass logging
INFO: Obraz /Run07R.png za³adowany poprawnie.
sie 30, 2016 4:23:20 PM com.platformer.game.main.MainClass logging
INFO: Obraz /Run08R.png za³adowany poprawnie.
sie 30, 2016 4:23:20 PM com.platformer.game.main.MainClass logging
INFO: Obraz /Run09R.png za³adowany poprawnie.
sie 30, 2016 4:23:20 PM com.platformer.game.main.MainClass logging
INFO: Obraz /Run00L.png za³adowany poprawnie.
sie 30, 2016 4:23:20 PM com.platformer.game.main.MainClass logging
INFO: Obraz /Run01L.png za³adowany poprawnie.
sie 30, 2016 4:23:20 PM com.platformer.game.main.MainClass logging
INFO: Obraz /Run02L.png za³adowany poprawnie.
sie 30, 2016 4:23:20 PM com.platformer.game.main.MainClass logging
INFO: Obraz /Run03L.png za³adowany poprawnie.
sie 30, 2016 4:23:20 PM com.platformer.game.main.MainClass logging
INFO: Obraz /Run04L.png za³adowany poprawnie.
sie 30, 2016 4:23:20 PM com.platformer.game.main.MainClass logging
INFO: Obraz /Run05L.png za³adowany poprawnie.
sie 30, 2016 4:23:20 PM com.platformer.game.main.MainClass logging
INFO: Obraz /Run06L.png za³adowany poprawnie.
sie 30, 2016 4:23:20 PM com.platformer.game.main.MainClass logging
INFO: Obraz /Run07L.png za³adowany poprawnie.
sie 30, 2016 4:23:20 PM com.platformer.game.main.MainClass logging
INFO: Obraz /Run08L.png za³adowany poprawnie.
sie 30, 2016 4:23:20 PM com.platformer.game.main.MainClass logging
INFO: Obraz /Run09L.png za³adowany poprawnie.
sie 30, 2016 4:23:20 PM com.platformer.game.main.MainClass logging
INFO: Obraz /Idle00R.png za³adowany poprawnie.
sie 30, 2016 4:23:20 PM com.platformer.game.main.MainClass logging
INFO: Obraz /Idle01R.png za³adowany poprawnie.
sie 30, 2016 4:23:20 PM com.platformer.game.main.MainClass logging
INFO: Obraz /Idle02R.png za³adowany poprawnie.
sie 30, 2016 4:23:20 PM com.platformer.game.main.MainClass logging
INFO: Obraz /Idle03R.png za³adowany poprawnie.
sie 30, 2016 4:23:20 PM com.platformer.game.main.MainClass logging
INFO: Obraz /Idle04R.png za³adowany poprawnie.
sie 30, 2016 4:23:20 PM com.platformer.game.main.MainClass logging
INFO: Obraz /Idle05R.png za³adowany poprawnie.
sie 30, 2016 4:23:20 PM com.platformer.game.main.MainClass logging
INFO: Obraz /Idle06R.png za³adowany poprawnie.
sie 30, 2016 4:23:20 PM com.platformer.game.main.MainClass logging
INFO: Obraz /Idle07R.png za³adowany poprawnie.
sie 30, 2016 4:23:20 PM com.platformer.game.main.MainClass logging
INFO: Obraz /Idle08R.png za³adowany poprawnie.
sie 30, 2016 4:23:20 PM com.platformer.game.main.MainClass logging
INFO: Obraz /Idle09R.png za³adowany poprawnie.
sie 30, 2016 4:23:20 PM com.platformer.game.main.MainClass logging
INFO: Obraz /Idle00L.png za³adowany poprawnie.
sie 30, 2016 4:23:20 PM com.platformer.game.main.MainClass logging
INFO: Obraz /Idle01L.png za³adowany poprawnie.
sie 30, 2016 4:23:20 PM com.platformer.game.main.MainClass logging
INFO: Obraz /Idle02L.png za³adowany poprawnie.
sie 30, 2016 4:23:21 PM com.platformer.game.main.MainClass logging
INFO: Obraz /Idle03L.png za³adowany poprawnie.
sie 30, 2016 4:23:21 PM com.platformer.game.main.MainClass logging
INFO: Obraz /Idle04L.png za³adowany poprawnie.
sie 30, 2016 4:23:21 PM com.platformer.game.main.MainClass logging
INFO: Obraz /Idle05L.png za³adowany poprawnie.
sie 30, 2016 4:23:21 PM com.platformer.game.main.MainClass logging
INFO: Obraz /Idle06L.png za³adowany poprawnie.
sie 30, 2016 4:23:21 PM com.platformer.game.main.MainClass logging
INFO: Obraz /Idle07L.png za³adowany poprawnie.
sie 30, 2016 4:23:21 PM com.platformer.game.main.MainClass logging
INFO: Obraz /Idle08L.png za³adowany poprawnie.
sie 30, 2016 4:23:21 PM com.platformer.game.main.MainClass logging
INFO: Obraz /Idle09L.png za³adowany poprawnie.
sie 30, 2016 4:23:21 PM com.platformer.game.main.MainClass logging
INFO: Obraz /Jump00R.png za³adowany poprawnie.
sie 30, 2016 4:23:21 PM com.platformer.game.main.MainClass logging
INFO: Obraz /Jump01R.png za³adowany poprawnie.
sie 30, 2016 4:23:21 PM com.platformer.game.main.MainClass logging
INFO: Obraz /Jump02R.png za³adowany poprawnie.
sie 30, 2016 4:23:21 PM com.platformer.game.main.MainClass logging
INFO: Obraz /Jump03R.png za³adowany poprawnie.
sie 30, 2016 4:23:21 PM com.platformer.game.main.MainClass logging
INFO: Obraz /Jump04R.png za³adowany poprawnie.
sie 30, 2016 4:23:21 PM com.platformer.game.main.MainClass logging
INFO: Obraz /Jump00L.png za³adowany poprawnie.
sie 30, 2016 4:23:21 PM com.platformer.game.main.MainClass logging
INFO: Obraz /Jump01L.png za³adowany poprawnie.
sie 30, 2016 4:23:21 PM com.platformer.game.main.MainClass logging
INFO: Obraz /Jump02L.png za³adowany poprawnie.
sie 30, 2016 4:23:21 PM com.platformer.game.main.MainClass logging
INFO: Obraz /Jump03L.png za³adowany poprawnie.
sie 30, 2016 4:23:21 PM com.platformer.game.main.MainClass logging
INFO: Obraz /Jump04L.png za³adowany poprawnie.
sie 30, 2016 4:23:21 PM com.platformer.game.main.MainClass logging
INFO: Obraz /Dead00R.png za³adowany poprawnie.
sie 30, 2016 4:23:21 PM com.platformer.game.main.MainClass logging
INFO: Obraz /Dead01R.png za³adowany poprawnie.
sie 30, 2016 4:23:21 PM com.platformer.game.main.MainClass logging
INFO: Obraz /Dead02R.png za³adowany poprawnie.
sie 30, 2016 4:23:21 PM com.platformer.game.main.MainClass logging
INFO: Obraz /Dead03R.png za³adowany poprawnie.
sie 30, 2016 4:23:21 PM com.platformer.game.main.MainClass logging
INFO: Obraz /Dead04R.png za³adowany poprawnie.
sie 30, 2016 4:23:21 PM com.platformer.game.main.MainClass logging
INFO: Obraz /Dead05R.png za³adowany poprawnie.
sie 30, 2016 4:23:21 PM com.platformer.game.main.MainClass logging
INFO: Obraz /Dead06R.png za³adowany poprawnie.
sie 30, 2016 4:23:21 PM com.platformer.game.main.MainClass logging
INFO: Obraz /Dead00L.png za³adowany poprawnie.
sie 30, 2016 4:23:21 PM com.platformer.game.main.MainClass logging
INFO: Obraz /Dead01L.png za³adowany poprawnie.
sie 30, 2016 4:23:21 PM com.platformer.game.main.MainClass logging
INFO: Obraz /Dead02L.png za³adowany poprawnie.
sie 30, 2016 4:23:21 PM com.platformer.game.main.MainClass logging
INFO: Obraz /Dead03L.png za³adowany poprawnie.
sie 30, 2016 4:23:21 PM com.platformer.game.main.MainClass logging
INFO: Obraz /Dead04L.png za³adowany poprawnie.
sie 30, 2016 4:23:21 PM com.platformer.game.main.MainClass logging
INFO: Obraz /Dead05L.png za³adowany poprawnie.
sie 30, 2016 4:23:21 PM com.platformer.game.main.MainClass logging
INFO: Obraz /Dead06L.png za³adowany poprawnie.
sie 30, 2016 4:23:21 PM com.platformer.game.main.MainClass logging
INFO: Obraz /BG.png za³adowany poprawnie.
sie 30, 2016 4:23:21 PM com.platformer.game.main.MainClass logging
INFO: Obraz /sun.png za³adowany poprawnie.
sie 30, 2016 4:23:21 PM com.platformer.game.main.MainClass logging
INFO: Obraz /achievementBg.png za³adowany poprawnie.
sie 30, 2016 4:23:21 PM com.platformer.game.main.MainClass logging
INFO: Obraz /gameMenuBackground.png za³adowany poprawnie.
sie 30, 2016 4:23:21 PM com.platformer.game.main.MainClass logging
INFO: Obraz /00.png za³adowany poprawnie.
sie 30, 2016 4:23:21 PM com.platformer.game.main.MainClass logging
INFO: Obraz /01.png za³adowany poprawnie.
sie 30, 2016 4:23:21 PM com.platformer.game.main.MainClass logging
INFO: Obraz /02.png za³adowany poprawnie.
sie 30, 2016 4:23:21 PM com.platformer.game.main.MainClass logging
INFO: Obraz /03.png za³adowany poprawnie.
sie 30, 2016 4:23:21 PM com.platformer.game.main.MainClass logging
INFO: Obraz /04.png za³adowany poprawnie.
sie 30, 2016 4:23:21 PM com.platformer.game.main.MainClass logging
INFO: Obraz /05.png za³adowany poprawnie.
sie 30, 2016 4:23:21 PM com.platformer.game.main.MainClass logging
INFO: Obraz /06.png za³adowany poprawnie.
sie 30, 2016 4:23:21 PM com.platformer.game.main.MainClass logging
INFO: Obraz /07.png za³adowany poprawnie.
sie 30, 2016 4:23:21 PM com.platformer.game.main.MainClass logging
INFO: Obraz /08.png za³adowany poprawnie.
sie 30, 2016 4:23:21 PM com.platformer.game.main.MainClass logging
INFO: Obraz /09.png za³adowany poprawnie.
sie 30, 2016 4:23:21 PM com.platformer.game.main.MainClass logging
INFO: Obraz /10.png za³adowany poprawnie.
sie 30, 2016 4:23:21 PM com.platformer.game.main.MainClass logging
INFO: Obraz /11.png za³adowany poprawnie.
sie 30, 2016 4:23:21 PM com.platformer.game.main.MainClass logging
INFO: Obraz /12.png za³adowany poprawnie.
sie 30, 2016 4:23:21 PM com.platformer.game.main.MainClass logging
INFO: Obraz /13.png za³adowany poprawnie.
sie 30, 2016 4:23:21 PM com.platformer.game.main.MainClass logging
INFO: Obraz /14.png za³adowany poprawnie.
sie 30, 2016 4:23:21 PM com.platformer.game.main.MainClass logging
INFO: Obraz /15.png za³adowany poprawnie.
sie 30, 2016 4:23:21 PM com.platformer.game.main.MainClass logging
INFO: Obraz /level_end.png za³adowany poprawnie.
sie 30, 2016 4:23:21 PM com.platformer.game.main.MainClass logging
INFO: Obraz /MovingBlockX.png za³adowany poprawnie.
sie 30, 2016 4:23:21 PM com.platformer.game.main.MainClass logging
INFO: Obraz /MovingBlockY.png za³adowany poprawnie.
sie 30, 2016 4:23:21 PM com.platformer.game.main.MainClass logging
INFO: Obraz /16_1.png za³adowany poprawnie.
sie 30, 2016 4:23:21 PM com.platformer.game.main.MainClass logging
INFO: Obraz /16_2.png za³adowany poprawnie.
sie 30, 2016 4:23:21 PM com.platformer.game.main.MainClass logging
INFO: Obraz /16_3.png za³adowany poprawnie.
sie 30, 2016 4:23:21 PM com.platformer.game.main.MainClass logging
INFO: Obraz /16_4.png za³adowany poprawnie.
sie 30, 2016 4:23:21 PM com.platformer.game.main.MainClass logging
INFO: Obraz /16_5.png za³adowany poprawnie.
sie 30, 2016 4:23:21 PM com.platformer.game.main.MainClass logging
INFO: Obraz /17.png za³adowany poprawnie.
sie 30, 2016 4:23:21 PM com.platformer.game.main.MainClass logging
INFO: Obraz /coin32.png za³adowany poprawnie.
sie 30, 2016 4:23:21 PM com.platformer.game.main.MainClass logging
INFO: Obraz /BeeR01.png za³adowany poprawnie.
sie 30, 2016 4:23:21 PM com.platformer.game.main.MainClass logging
INFO: Obraz /BeeR02.png za³adowany poprawnie.
sie 30, 2016 4:23:21 PM com.platformer.game.main.MainClass logging
INFO: Obraz /BeeR03.png za³adowany poprawnie.
sie 30, 2016 4:23:21 PM com.platformer.game.main.MainClass logging
INFO: Obraz /BeeR04.png za³adowany poprawnie.
sie 30, 2016 4:23:21 PM com.platformer.game.main.MainClass logging
INFO: Obraz /BeeR05.png za³adowany poprawnie.
sie 30, 2016 4:23:21 PM com.platformer.game.main.MainClass logging
INFO: Obraz /BeeL01.png za³adowany poprawnie.
sie 30, 2016 4:23:21 PM com.platformer.game.main.MainClass logging
INFO: Obraz /BeeL02.png za³adowany poprawnie.
sie 30, 2016 4:23:21 PM com.platformer.game.main.MainClass logging
INFO: Obraz /BeeL03.png za³adowany poprawnie.
sie 30, 2016 4:23:21 PM com.platformer.game.main.MainClass logging
INFO: Obraz /BeeL04.png za³adowany poprawnie.
sie 30, 2016 4:23:21 PM com.platformer.game.main.MainClass logging
INFO: Obraz /BeeL05.png za³adowany poprawnie.
sie 30, 2016 4:23:21 PM com.platformer.game.main.MainClass logging
INFO: Obraz /heart.png za³adowany poprawnie.
sie 30, 2016 4:23:21 PM com.platformer.game.main.MainClass logging
INFO: Obraz /TequilaBottle.png za³adowany poprawnie.
sie 30, 2016 4:23:21 PM com.platformer.game.main.MainClass logging
INFO: Obraz /taco.png za³adowany poprawnie.
sie 30, 2016 4:23:21 PM com.platformer.game.main.MainClass logging
INFO: Obraz /BadCactusR.png za³adowany poprawnie.
sie 30, 2016 4:23:21 PM com.platformer.game.main.MainClass logging
INFO: Obraz /BadCactusL.png za³adowany poprawnie.
sie 30, 2016 4:23:21 PM com.platformer.game.main.MainClass logging
INFO: Obraz /BadCactus0.png za³adowany poprawnie.
sie 30, 2016 4:23:21 PM com.platformer.game.main.MainClass logging
INFO: Obraz /dartRight.png za³adowany poprawnie.
sie 30, 2016 4:23:21 PM com.platformer.game.main.MainClass logging
INFO: Obraz /dartLeft.png za³adowany poprawnie.
sie 30, 2016 4:23:21 PM com.platformer.game.main.MainClass logging
INFO: Obraz /MovingCrate.png za³adowany poprawnie.
sie 30, 2016 4:23:21 PM com.platformer.game.main.MainClass logging
INFO: Obraz /ButtonBlock.png za³adowany poprawnie.
sie 30, 2016 4:23:21 PM com.platformer.game.main.MainClass logging
INFO: Obraz /ButtonBlockOn.png za³adowany poprawnie.
sie 30, 2016 4:23:21 PM com.platformer.game.main.MainClass logging
INFO: Obraz /PushingMovingBlockX Off.png za³adowany poprawnie.
sie 30, 2016 4:23:21 PM com.platformer.game.main.MainClass logging
INFO: Obraz /PushingMovingBlockX On.png za³adowany poprawnie.
sie 30, 2016 4:23:21 PM com.platformer.game.main.MainClass logging
INFO: Obraz /PushingMovingBlockY Off.png za³adowany poprawnie.
sie 30, 2016 4:23:21 PM com.platformer.game.main.MainClass logging
INFO: Obraz /PushingMovingBlockY On.png za³adowany poprawnie.
sie 30, 2016 4:23:21 PM com.platformer.game.main.MainClass logging
INFO: Obraz /Spike1.png za³adowany poprawnie.
sie 30, 2016 4:23:21 PM com.platformer.game.main.MainClass logging
INFO: Obraz /Spike2.png za³adowany poprawnie.
sie 30, 2016 4:23:21 PM com.platformer.game.main.MainClass logging
INFO: Obraz /Spike3.png za³adowany poprawnie.
sie 30, 2016 4:23:21 PM com.platformer.game.main.MainClass logging
INFO: Obraz /Spike4.png za³adowany poprawnie.
sie 30, 2016 4:23:21 PM com.platformer.game.main.MainClass logging
INFO: Obraz /tumbleweed.png za³adowany poprawnie.
sie 30, 2016 4:23:21 PM com.platformer.game.main.MainClass logging
INFO: Obraz /SpringBlock.png za³adowany poprawnie.
sie 30, 2016 4:23:21 PM com.platformer.game.main.MainClass logging
INFO: Obraz /SpringBlock2.png za³adowany poprawnie.
sie 30, 2016 4:23:21 PM com.platformer.game.main.MainClass logging
INFO: Obraz /FallingBlock.png za³adowany poprawnie.
sie 30, 2016 4:23:21 PM com.platformer.game.main.MainClass logging
INFO: Obraz /clouds1.png za³adowany poprawnie.
sie 30, 2016 4:23:21 PM com.platformer.game.main.MainClass logging
INFO: Obraz /clouds2.png za³adowany poprawnie.
sie 30, 2016 4:23:21 PM com.platformer.game.main.MainClass logging
INFO: Obraz /clouds3.png za³adowany poprawnie.
sie 30, 2016 4:23:21 PM com.platformer.game.main.MainClass logging
INFO: Obraz /collectibles0.png za³adowany poprawnie.
sie 30, 2016 4:23:21 PM com.platformer.game.main.MainClass logging
INFO: Obraz /collectibles1.png za³adowany poprawnie.
sie 30, 2016 4:23:21 PM com.platformer.game.main.MainClass logging
INFO: Obraz /collectibles2.png za³adowany poprawnie.
sie 30, 2016 4:23:21 PM com.platformer.game.main.MainClass logging
INFO: Obraz /collectibles3.png za³adowany poprawnie.
sie 30, 2016 4:23:21 PM com.platformer.game.main.MainClass logging
INFO: Obraz /collectibles4.png za³adowany poprawnie.
sie 30, 2016 4:23:21 PM com.platformer.game.main.MainClass logging
INFO: Obraz /collectibles5.png za³adowany poprawnie.
sie 30, 2016 4:23:21 PM com.platformer.game.main.MainClass logging
INFO: Obraz /collectibles6.png za³adowany poprawnie.
sie 30, 2016 4:23:21 PM com.platformer.game.main.MainClass logging
INFO: Obraz /mainMenuButton.png za³adowany poprawnie.
sie 30, 2016 4:23:21 PM com.platformer.game.main.MainClass logging
INFO: Obraz /mainMenuButtonSelected.png za³adowany poprawnie.
sie 30, 2016 4:23:21 PM com.platformer.game.main.MainClass logging
INFO: Obraz /JakGrac.png za³adowany poprawnie.
sie 30, 2016 4:23:21 PM com.platformer.game.main.MainClass logging
INFO: Obraz /hallOfFameMenuBG.png za³adowany poprawnie.
sie 30, 2016 4:23:21 PM com.platformer.game.main.MainClass logging
INFO: Obraz /OGrze.png za³adowany poprawnie.
sie 30, 2016 4:23:21 PM com.platformer.game.main.MainClass logging
INFO: Obraz /AchievementsMenuBG.png za³adowany poprawnie.
sie 30, 2016 4:23:21 PM com.platformer.game.main.MainClass logging
INFO: Obraz /BG_gory.png za³adowany poprawnie.
sie 30, 2016 4:23:21 PM com.platformer.game.main.MainClass logging
INFO: Obraz /BG_niebo.png za³adowany poprawnie.
sie 30, 2016 4:23:21 PM com.platformer.game.main.MainClass logging
INFO: Obraz /planeR.png za³adowany poprawnie.
sie 30, 2016 4:23:21 PM com.platformer.game.main.MainClass logging
INFO: Obraz /smiglo1.png za³adowany poprawnie.
sie 30, 2016 4:23:21 PM com.platformer.game.main.MainClass logging
INFO: Obraz /smiglo2.png za³adowany poprawnie.
sie 30, 2016 4:23:21 PM com.platformer.game.main.MainClass logging
INFO: Obraz /smiglo3.png za³adowany poprawnie.
sie 30, 2016 4:23:21 PM com.platformer.game.main.MainClass logging
INFO: Obraz /smiglo4.png za³adowany poprawnie.
sie 30, 2016 4:23:21 PM com.platformer.game.main.MainClass logging
INFO: Obraz /flaga.png za³adowany poprawnie.
sie 30, 2016 4:23:21 PM com.platformer.game.main.MainClass logging
INFO: Obraz /literaA.png za³adowany poprawnie.
sie 30, 2016 4:23:21 PM com.platformer.game.main.MainClass logging
INFO: Obraz /literaE.png za³adowany poprawnie.
sie 30, 2016 4:23:21 PM com.platformer.game.main.MainClass logging
INFO: Obraz /literaF.png za³adowany poprawnie.
sie 30, 2016 4:23:21 PM com.platformer.game.main.MainClass logging
INFO: Obraz /literaI.png za³adowany poprawnie.
sie 30, 2016 4:23:21 PM com.platformer.game.main.MainClass logging
INFO: Obraz /literaL.png za³adowany poprawnie.
sie 30, 2016 4:23:21 PM com.platformer.game.main.MainClass logging
INFO: Obraz /literaM.png za³adowany poprawnie.
sie 30, 2016 4:23:21 PM com.platformer.game.main.MainClass logging
INFO: Obraz /literaO.png za³adowany poprawnie.
sie 30, 2016 4:23:21 PM com.platformer.game.main.MainClass logging
INFO: Obraz /literaP.png za³adowany poprawnie.
sie 30, 2016 4:23:21 PM com.platformer.game.main.MainClass logging
INFO: Obraz /literaQ.png za³adowany poprawnie.
sie 30, 2016 4:23:21 PM com.platformer.game.main.MainClass logging
INFO: Obraz /literaR.png za³adowany poprawnie.
sie 30, 2016 4:23:21 PM com.platformer.game.main.MainClass logging
INFO: Obraz /literaT.png za³adowany poprawnie.
sie 30, 2016 4:23:21 PM com.platformer.game.main.MainClass logging
INFO: Obraz /literaU.png za³adowany poprawnie.
sie 30, 2016 4:23:21 PM com.platformer.game.main.MainClass logging
INFO: Obraz /ptakiR1.png za³adowany poprawnie.
sie 30, 2016 4:23:21 PM com.platformer.game.main.MainClass logging
INFO: Obraz /ptakiR2.png za³adowany poprawnie.
sie 30, 2016 4:23:21 PM com.platformer.game.main.MainClass logging
INFO: Obraz /websiteButton.png za³adowany poprawnie.
sie 30, 2016 4:23:21 PM com.platformer.game.main.MainClass logging
INFO: Obraz /dust1.png za³adowany poprawnie.
sie 30, 2016 4:23:21 PM com.platformer.game.main.MainClass logging
INFO: Obraz /dust2.png za³adowany poprawnie.
sie 30, 2016 4:23:21 PM com.platformer.game.main.MainClass logging
INFO: Obraz /dust3.png za³adowany poprawnie.
sie 30, 2016 4:23:21 PM com.platformer.game.main.MainClass logging
INFO: Obraz /Ablank.png za³adowany poprawnie.
sie 30, 2016 4:23:21 PM com.platformer.game.main.MainClass logging
INFO: Obraz /A10jumps.png za³adowany poprawnie.
sie 30, 2016 4:23:21 PM com.platformer.game.main.MainClass logging
INFO: Obraz /A25jumps.png za³adowany poprawnie.
sie 30, 2016 4:23:21 PM com.platformer.game.main.MainClass logging
INFO: Obraz /A50jumps.png za³adowany poprawnie.
sie 30, 2016 4:23:21 PM com.platformer.game.main.MainClass logging
INFO: Obraz /A20coins.png za³adowany poprawnie.
sie 30, 2016 4:23:21 PM com.platformer.game.main.MainClass logging
INFO: Obraz /A50coins.png za³adowany poprawnie.
sie 30, 2016 4:23:21 PM com.platformer.game.main.MainClass logging
INFO: Obraz /A100coins.png za³adowany poprawnie.
sie 30, 2016 4:23:21 PM com.platformer.game.main.MainClass logging
INFO: Obraz /A150coins.png za³adowany poprawnie.
sie 30, 2016 4:23:21 PM com.platformer.game.main.MainClass logging
INFO: Obraz /A3powerups.png za³adowany poprawnie.
sie 30, 2016 4:23:21 PM com.platformer.game.main.MainClass logging
INFO: Obraz /Acomplete1Level.png za³adowany poprawnie.
sie 30, 2016 4:23:21 PM com.platformer.game.main.MainClass logging
INFO: Obraz /Acomplete2Level.png za³adowany poprawnie.
sie 30, 2016 4:23:21 PM com.platformer.game.main.MainClass logging
INFO: Obraz /Acomplete3Level.png za³adowany poprawnie.
sie 30, 2016 4:23:21 PM com.platformer.game.main.MainClass logging
INFO: Obraz /Acomplete4Level.png za³adowany poprawnie.
sie 30, 2016 4:23:21 PM com.platformer.game.main.MainClass logging
INFO: Obraz /Acomplete5Level.png za³adowany poprawnie.
sie 30, 2016 4:23:21 PM com.platformer.game.main.MainClass logging
INFO: Obraz /Acomplete6Level.png za³adowany poprawnie.
sie 30, 2016 4:23:21 PM com.platformer.game.main.MainClass logging
INFO: Obraz /Acomplete7Level.png za³adowany poprawnie.
sie 30, 2016 4:23:21 PM com.platformer.game.main.MainClass logging
INFO: Obraz /Acomplete8Level.png za³adowany poprawnie.
sie 30, 2016 4:23:21 PM com.platformer.game.main.MainClass logging
INFO: Obraz /Acomplete9Level.png za³adowany poprawnie.
sie 30, 2016 4:23:21 PM com.platformer.game.main.MainClass logging
INFO: Obraz /Acomplete10Level.png za³adowany poprawnie.
sie 30, 2016 4:23:21 PM com.platformer.game.main.MainClass logging
INFO: Obraz /AfindAllCoins.png za³adowany poprawnie.
sie 30, 2016 4:23:21 PM com.platformer.game.main.MainClass logging
INFO: Obraz /AfindAllPowerup.png za³adowany poprawnie.
sie 30, 2016 4:23:21 PM com.platformer.game.main.MainClass logging
INFO: Obraz /AnoHarm.png za³adowany poprawnie.
sie 30, 2016 4:23:21 PM com.platformer.game.main.MainClass logging
INFO: Obraz /AMegaJump.png za³adowany poprawnie.
sie 30, 2016 4:23:21 PM com.platformer.game.main.MainClass logging
INFO: Obraz /Asprinter.png za³adowany poprawnie.
sie 30, 2016 4:23:21 PM com.platformer.game.main.MainClass logging
INFO: Wszystkie obiekty poziomu gry 1 zosta³y za³adowane poprawnie.
sie 30, 2016 4:23:21 PM com.platformer.game.main.MainClass logging
INFO: Okno gry zainicjowane 
sie 30, 2016 4:23:21 PM com.platformer.game.main.MainClass logging
INFO: W¹tek muzyczny uruchomiony.
sie 30, 2016 4:23:21 PM com.platformer.game.main.MainClass logging
INFO: W¹tek gry uruchomiony.
sie 30, 2016 4:23:22 PM com.platformer.game.main.MainClass logging
INFO: Plik z muzyk¹ nr.1 za³adowany poprawnie.
sie 30, 2016 4:23:22 PM com.platformer.game.main.MainClass logging
INFO: Plik z muzyk¹ nr.2 za³adowany poprawnie.
sie 30, 2016 4:23:22 PM com.platformer.game.main.MainClass logging
INFO: Odtwarzanie pliku z muzyk¹ nr.2
sie 30, 2016 4:23:22 PM com.platformer.game.main.MainClass logging
INFO: Plik z muzyk¹ nr.2 za³adowany poprawnie.
sie 30, 2016 4:23:27 PM com.platformer.game.main.MainClass logging
INFO: Wywo³anie zamkniêcia gry.
